000.000 =============================================================
000.000                     Station B                               
000.000 -------------------------------------------------------------
000.000 Protocol.lib, version 4.0, jiangyanjun0718@bupt.edu.cn
000.000 Channel: 8000 bps, 270 ms propagation delay, bit error rate 1.0E-04
000.000 Log file "datalink-B.log", TCP port 59144, debug mask 0x00
000.000 Station B is connecting station A (TCP port 59144) ... Done.
000.287 New epoch: Wed Jun  3 15:52:12 2020
000.289 =================================================================
000.297 
000.310 Designed by 2018210074 - Xiong Yu, build: May  5 2020  18:54:54
008.995 .... 5 packets received, 1219 bps, 15.24%, Err 6 (1.0e-04)
016.569 .... 15 packets received, 1923 bps, 24.04%, Err 12 (1.1e-04)
016.821 ** WARNING: System too busy, sleep 15 ms, but be awakened 76 ms later
018.683 .... 27 packets received, 3057 bps, 38.22%, Err 13 (1.1e-04)
020.814 .... 36 packets received, 3647 bps, 45.59%, Err 14 (1.0e-04)
023.178 .... 40 packets received, 3628 bps, 45.35%, Err 17 (1.1e-04)
026.388 .... 50 packets received, 3970 bps, 49.63%, Err 19 (1.0e-04)
029.010 .... 56 packets received, 4036 bps, 50.45%, Err 22 (1.1e-04)
031.129 .... 69 packets received, 4628 bps, 57.85%, Err 23 (1.0e-04)
033.257 .... 77 packets received, 4828 bps, 60.35%, Err 24 (1.0e-04)
035.637 .... 82 packets received, 4793 bps, 59.91%, Err 28 (1.1e-04)
037.776 .... 92 packets received, 5068 bps, 63.35%, Err 29 (1.1e-04)
039.905 .... 99 packets received, 5158 bps, 64.47%, Err 30 (1.0e-04)
043.071 .... 103 packets received, 4966 bps, 62.08%, Err 34 (1.1e-04)
045.720 .... 110 packets received, 4992 bps, 62.41%, Err 35 (1.0e-04)
048.645 .... 123 packets received, 5243 bps, 65.53%, Err 39 (1.1e-04)
050.759 .... 133 packets received, 5430 bps, 67.87%, Err 39 (1.0e-04)
053.934 .... 138 packets received, 5299 bps, 66.23%, Err 43 (1.1e-04)
056.580 .... 148 packets received, 5414 bps, 67.68%, Err 44 (1.0e-04)
059.505 .... 158 packets received, 5493 bps, 68.66%, Err 45 (1.0e-04)
061.627 .... 165 packets received, 5537 bps, 69.21%, Err 46 (9.9e-05)
064.784 .... 172 packets received, 5488 bps, 68.60%, Err 48 (9.8e-05)
072.405 .... 181 packets received, 5162 bps, 64.53%, Err 54 (1.0e-04)
080.066 .... 193 packets received, 4974 bps, 62.17%, Err 57 (9.7e-05)
082.181 .... 210 packets received, 5272 bps, 65.89%, Err 59 (9.8e-05)
085.078 .... 213 packets received, 5164 bps, 64.54%, Err 66 (1.1e-04)
087.715 .... 217 packets received, 5101 bps, 63.77%, Err 67 (1.0e-04)
090.359 .... 223 packets received, 5088 bps, 63.60%, Err 68 (1.0e-04)
097.453 .... 228 packets received, 4821 bps, 60.26%, Err 74 (1.0e-04)
099.564 .... 245 packets received, 5070 bps, 63.37%, Err 75 (1.0e-04)
101.699 .... 251 packets received, 5084 bps, 63.56%, Err 76 (1.0e-04)
103.813 .... 257 packets received, 5099 bps, 63.74%, Err 77 (1.0e-04)
106.189 .... 261 packets received, 5062 bps, 63.28%, Err 80 (1.0e-04)
109.122 .... 270 packets received, 5095 bps, 63.69%, Err 82 (1.0e-04)
111.217 .... 281 packets received, 5202 bps, 65.03%, Err 82 (9.9e-05)
119.380 .... 286 packets received, 4931 bps, 61.64%, Err 89 (1.0e-04)
122.547 .... 302 packets received, 5072 bps, 63.40%, Err 91 (1.0e-04)
124.648 .... 310 packets received, 5118 bps, 63.97%, Err 92 (1.0e-04)
128.091 .... 317 packets received, 5092 bps, 63.65%, Err 95 (1.0e-04)
136.702 .... 323 packets received, 4860 bps, 60.75%, Err 100 (9.9e-05)
139.086 .... 339 packets received, 5013 bps, 62.66%, Err 101 (9.9e-05)
142.272 .... 342 packets received, 4944 bps, 61.80%, Err 105 (1.0e-04)
143.071 ** WARNING: System too busy, sleep 15 ms, but be awakened 80 ms later
150.635 .... 349 packets received, 4764 bps, 59.55%, Err 111 (1.0e-04)
153.001 .... 365 packets received, 4905 bps, 61.31%, Err 112 (1.0e-04)
160.760 .... 369 packets received, 4718 bps, 58.98%, Err 122 (1.0e-04)
163.415 .... 381 packets received, 4792 bps, 59.90%, Err 122 (1.0e-04)
165.785 .... 387 packets received, 4798 bps, 59.97%, Err 122 (1.0e-04)
168.447 .... 392 packets received, 4783 bps, 59.79%, Err 124 (1.0e-04)
176.789 .... 398 packets received, 4626 bps, 57.83%, Err 134 (1.0e-04)
179.973 .... 410 packets received, 4681 bps, 58.51%, Err 138 (1.0e-04)
182.087 .... 419 packets received, 4728 bps, 59.10%, Err 138 (1.0e-04)
184.206 .... 426 packets received, 4752 bps, 59.40%, Err 138 (1.0e-04)
186.330 .... 432 packets received, 4763 bps, 59.54%, Err 138 (1.0e-04)
188.699 .... 439 packets received, 4780 bps, 59.75%, Err 139 (1.0e-04)
196.041 .... 440 packets received, 4611 bps, 57.63%, Err 145 (1.0e-04)
198.956 .... 456 packets received, 4708 bps, 58.85%, Err 147 (1.0e-04)
206.770 .... 460 packets received, 4569 bps, 57.12%, Err 152 (1.0e-04)
214.134 .... 467 packets received, 4479 bps, 55.99%, Err 158 (1.0e-04)
216.944 .... 479 packets received, 4534 bps, 56.68%, Err 159 (1.0e-04)
219.065 .... 488 packets received, 4575 bps, 57.18%, Err 159 (1.0e-04)
222.247 .... 492 packets received, 4546 bps, 56.82%, Err 163 (1.0e-04)
224.881 .... 499 packets received, 4556 bps, 56.96%, Err 165 (1.0e-04)
231.812 .... 500 packets received, 4429 bps, 55.36%, Err 169 (1.0e-04)
238.759 .... 515 packets received, 4429 bps, 55.36%, Err 174 (1.0e-04)
241.140 .... 524 packets received, 4461 bps, 55.77%, Err 175 (1.0e-04)
243.525 .... 531 packets received, 4477 bps, 55.96%, Err 178 (1.0e-04)
245.643 .... 537 packets received, 4488 bps, 56.10%, Err 178 (1.0e-04)
247.767 .... 545 packets received, 4516 bps, 56.45%, Err 178 (9.9e-05)
249.899 .... 552 packets received, 4535 bps, 56.68%, Err 180 (9.9e-05)
252.546 .... 556 packets received, 4519 bps, 56.49%, Err 181 (9.8e-05)
255.480 .... 564 packets received, 4532 bps, 56.65%, Err 184 (9.9e-05)
258.132 .... 572 packets received, 4549 bps, 56.86%, Err 186 (9.9e-05)
265.726 .... 575 packets received, 4442 bps, 55.52%, Err 194 (1.0e-04)
273.584 .... 586 packets received, 4396 bps, 54.95%, Err 199 (1.0e-04)
281.229 .... 598 packets received, 4364 bps, 54.55%, Err 203 (1.0e-04)
295.170 .... 616 packets received, 4283 bps, 53.53%, Err 216 (1.0e-04)
303.667 .... 634 packets received, 4284 bps, 53.55%, Err 220 (1.0e-04)
305.802 .... 650 packets received, 4362 bps, 54.52%, Err 223 (1.0e-04)
308.691 .... 653 packets received, 4341 bps, 54.26%, Err 226 (1.0e-04)
310.834 .... 663 packets received, 4377 bps, 54.71%, Err 226 (1.0e-04)
318.365 .... 666 packets received, 4292 bps, 53.65%, Err 232 (1.0e-04)
320.999 .... 678 packets received, 4334 bps, 54.17%, Err 234 (1.0e-04)
323.938 .... 683 packets received, 4326 bps, 54.08%, Err 235 (1.0e-04)
327.359 .... 694 packets received, 4350 bps, 54.37%, Err 238 (1.0e-04)
329.471 .... 705 packets received, 4390 bps, 54.88%, Err 238 (1.0e-04)
332.402 .... 709 packets received, 4376 bps, 54.70%, Err 240 (1.0e-04)
334.514 .... 722 packets received, 4428 bps, 55.35%, Err 241 (1.0e-04)
337.413 .... 726 packets received, 4414 bps, 55.18%, Err 245 (1.0e-04)
344.719 .... 730 packets received, 4344 bps, 54.31%, Err 250 (1.0e-04)
347.091 .... 744 packets received, 4398 bps, 54.97%, Err 252 (1.0e-04)
349.218 .... 750 packets received, 4406 bps, 55.07%, Err 254 (1.0e-04)
351.310 .... 757 packets received, 4421 bps, 55.26%, Err 254 (1.0e-04)
353.722 .... 760 packets received, 4408 bps, 55.10%, Err 255 (1.0e-04)
357.167 .... 771 packets received, 4428 bps, 55.35%, Err 258 (1.0e-04)
359.548 .... 779 packets received, 4445 bps, 55.56%, Err 260 (1.0e-04)
362.974 .... 786 packets received, 4442 bps, 55.53%, Err 262 (1.0e-04)
370.432 .... 796 packets received, 4408 bps, 55.10%, Err 268 (1.0e-04)
372.546 .... 807 packets received, 4443 bps, 55.54%, Err 268 (9.9e-05)
374.675 .... 813 packets received, 4451 bps, 55.64%, Err 270 (1.0e-04)
382.450 .... 817 packets received, 4382 bps, 54.77%, Err 277 (1.0e-04)
390.551 .... 830 packets received, 4359 bps, 54.49%, Err 285 (1.0e-04)
392.695 .... 837 packets received, 4372 bps, 54.65%, Err 286 (1.0e-04)
394.789 .... 844 packets received, 4385 bps, 54.81%, Err 288 (1.0e-04)
398.238 .... 851 packets received, 4383 bps, 54.79%, Err 289 (1.0e-04)
400.882 .... 860 packets received, 4400 bps, 55.00%, Err 290 (1.0e-04)
403.537 .... 868 packets received, 4412 bps, 55.15%, Err 294 (1.0e-04)
406.176 .... 871 packets received, 4398 bps, 54.98%, Err 294 (1.0e-04)
413.167 .... 873 packets received, 4334 bps, 54.17%, Err 298 (1.0e-04)
415.283 .... 892 packets received, 4405 bps, 55.07%, Err 299 (1.0e-04)
417.400 .... 896 packets received, 4403 bps, 55.03%, Err 303 (1.0e-04)
420.038 .... 900 packets received, 4394 bps, 54.93%, Err 305 (1.0e-04)
422.155 .... 914 packets received, 4440 bps, 55.50%, Err 305 (1.0e-04)
429.461 .... 916 packets received, 4374 bps, 54.68%, Err 311 (1.0e-04)
436.857 .... 918 packets received, 4309 bps, 53.87%, Err 316 (1.0e-04)
456.337 .... 935 packets received, 4202 bps, 52.52%, Err 328 (1.0e-04)
458.590 .... 954 packets received, 4266 bps, 53.32%, Err 328 (1.0e-04)
460.695 .... 960 packets received, 4273 bps, 53.41%, Err 329 (9.9e-05)
464.424 .... 962 packets received, 4248 bps, 53.10%, Err 334 (1.0e-04)
471.305 .... 966 packets received, 4203 bps, 52.54%, Err 341 (1.0e-04)
473.436 .... 982 packets received, 4253 bps, 53.17%, Err 343 (1.0e-04)
476.614 .... 988 packets received, 4251 bps, 53.13%, Err 348 (1.0e-04)
482.294 ** WARNING: System too busy, sleep 15 ms, but be awakened 83 ms later
483.561 .... 989 packets received, 4194 bps, 52.42%, Err 352 (1.0e-04)
486.169 .... 1005 packets received, 4239 bps, 52.98%, Err 354 (1.0e-04)
488.551 .... 1010 packets received, 4239 bps, 52.99%, Err 357 (1.0e-04)
491.036 ** WARNING: System too busy, sleep 15 ms, but be awakened 90 ms later
491.617 .... 1015 packets received, 4233 bps, 52.92%, Err 359 (1.0e-04)
493.847 .... 1030 packets received, 4277 bps, 53.46%, Err 359 (1.0e-04)
494.635 ** WARNING: System too busy, sleep 15 ms, but be awakened 144 ms later
495.875 .... 1037 packets received, 4288 bps, 53.60%, Err 360 (1.0e-04)
498.254 .... 1042 packets received, 4288 bps, 53.60%, Err 362 (1.0e-04)
505.213 .... 1046 packets received, 4245 bps, 53.07%, Err 363 (1.0e-04)
508.672 .... 1064 packets received, 4289 bps, 53.61%, Err 366 (1.0e-04)
511.570 .... 1071 packets received, 4293 bps, 53.66%, Err 370 (1.0e-04)
514.751 .... 1074 packets received, 4278 bps, 53.47%, Err 371 (1.0e-04)
516.865 .... 1092 packets received, 4332 bps, 54.15%, Err 373 (1.0e-04)
519.511 .... 1098 packets received, 4333 bps, 54.17%, Err 374 (1.0e-04)
521.626 .... 1108 packets received, 4355 bps, 54.44%, Err 375 (1.0e-04)
523.782 .... 1111 packets received, 4349 bps, 54.36%, Err 377 (1.0e-04)
525.875 .... 1113 packets received, 4339 bps, 54.24%, Err 377 (9.9e-05)
540.107 .... 1128 packets received, 4282 bps, 53.52%, Err 389 (1.0e-04)
542.243 .... 1145 packets received, 4329 bps, 54.12%, Err 391 (1.0e-04)
549.609 .... 1146 packets received, 4275 bps, 53.44%, Err 397 (1.0e-04)
552.243 .... 1153 packets received, 4281 bps, 53.51%, Err 401 (1.0e-04)
554.925 .... 1163 packets received, 4297 bps, 53.71%, Err 403 (1.0e-04)
557.015 .... 1173 packets received, 4317 bps, 53.97%, Err 403 (1.0e-04)
559.146 .... 1181 packets received, 4330 bps, 54.13%, Err 403 (1.0e-04)
561.787 .... 1185 packets received, 4325 bps, 54.06%, Err 405 (1.0e-04)
562.303 ** WARNING: System too busy, sleep 15 ms, but be awakened 133 ms later
564.854 .... 1194 packets received, 4334 bps, 54.17%, Err 409 (1.0e-04)
567.507 .... 1203 packets received, 4346 bps, 54.32%, Err 410 (1.0e-04)
570.416 .... 1214 packets received, 4363 bps, 54.54%, Err 412 (1.0e-04)
572.535 .... 1225 packets received, 4386 bps, 54.83%, Err 412 (1.0e-04)
575.073 ** WARNING: System too busy, sleep 15 ms, but be awakened 112 ms later
580.855 .... 1230 packets received, 4341 bps, 54.27%, Err 418 (1.0e-04)
584.291 .... 1246 packets received, 4372 bps, 54.65%, Err 421 (1.0e-04)
585.004 ** WARNING: System too busy, sleep 15 ms, but be awakened 101 ms later
586.415 .... 1250 packets received, 4370 bps, 54.62%, Err 422 (1.0e-04)
588.521 .... 1260 packets received, 4389 bps, 54.86%, Err 423 (1.0e-04)
590.655 .... 1267 packets received, 4398 bps, 54.97%, Err 424 (9.9e-05)
593.051 .... 1272 packets received, 4397 bps, 54.96%, Err 426 (9.9e-05)
601.688 .... 1280 packets received, 4361 bps, 54.51%, Err 435 (1.0e-04)
604.069 .... 1296 packets received, 4398 bps, 54.98%, Err 437 (1.0e-04)
606.171 .... 1304 packets received, 4410 bps, 55.13%, Err 437 (1.0e-04)
608.272 .... 1308 packets received, 4408 bps, 55.10%, Err 443 (1.0e-04)
610.939 .... 1311 packets received, 4399 bps, 54.99%, Err 443 (1.0e-04)
618.268 .... 1321 packets received, 4380 bps, 54.75%, Err 450 (1.0e-04)
621.985 .... 1326 packets received, 4370 bps, 54.63%, Err 452 (1.0e-04)
624.097 .... 1344 packets received, 4415 bps, 55.18%, Err 452 (1.0e-04)
626.498 .... 1349 packets received, 4414 bps, 55.18%, Err 453 (1.0e-04)
628.611 .... 1356 packets received, 4422 bps, 55.28%, Err 455 (1.0e-04)
630.725 .... 1366 packets received, 4440 bps, 55.50%, Err 455 (1.0e-04)
632.862 .... 1373 packets received, 4447 bps, 55.59%, Err 458 (1.0e-04)
634.977 .... 1381 packets received, 4458 bps, 55.73%, Err 459 (1.0e-04)
637.618 .... 1387 packets received, 4459 bps, 55.74%, Err 461 (1.0e-04)
640.549 .... 1393 packets received, 4458 bps, 55.72%, Err 463 (1.0e-04)
643.450 .... 1406 packets received, 4479 bps, 55.99%, Err 465 (1.0e-04)
645.577 .... 1416 packets received, 4496 bps, 56.20%, Err 467 (1.0e-04)
647.691 .... 1423 packets received, 4504 bps, 56.30%, Err 468 (1.0e-04)
648.070 ** WARNING: System too busy, sleep 15 ms, but be awakened 119 ms later
656.384 .... 1430 packets received, 4466 bps, 55.82%, Err 474 (1.0e-04)
659.825 .... 1440 packets received, 4474 bps, 55.92%, Err 476 (1.0e-04)
662.754 .... 1449 packets received, 4482 bps, 56.02%, Err 478 (9.9e-05)
676.363 .... 1455 packets received, 4410 bps, 55.12%, Err 491 (1.0e-04)
678.411 .... 1472 packets received, 4448 bps, 55.60%, Err 491 (1.0e-04)
681.857 .... 1479 packets received, 4446 bps, 55.58%, Err 493 (1.0e-04)
700.190 .... 1484 packets received, 4344 bps, 54.30%, Err 506 (1.0e-04)
702.284 .... 1502 packets received, 4384 bps, 54.80%, Err 506 (1.0e-04)
704.411 .... 1510 packets received, 4394 bps, 54.92%, Err 507 (1.0e-04)
713.051 .... 1513 packets received, 4349 bps, 54.37%, Err 519 (1.0e-04)
715.955 .... 1528 packets received, 4375 bps, 54.68%, Err 520 (1.0e-04)
718.096 .... 1533 packets received, 4376 bps, 54.70%, Err 520 (1.0e-04)
720.213 .... 1539 packets received, 4380 bps, 54.75%, Err 521 (1.0e-04)
722.310 .... 1547 packets received, 4390 bps, 54.87%, Err 521 (1.0e-04)
729.948 .... 1550 packets received, 4352 bps, 54.40%, Err 528 (1.0e-04)
732.098 .... 1568 packets received, 4390 bps, 54.87%, Err 529 (1.0e-04)
734.178 .... 1571 packets received, 4386 bps, 54.82%, Err 531 (1.0e-04)
743.074 .... 1582 packets received, 4364 bps, 54.55%, Err 537 (1.0e-04)
745.465 .... 1596 packets received, 4388 bps, 54.85%, Err 537 (1.0e-04)
747.585 .... 1603 packets received, 4395 bps, 54.94%, Err 539 (1.0e-04)
749.711 .... 1609 packets received, 4399 bps, 54.99%, Err 540 (1.0e-04)
751.812 .... 1615 packets received, 4403 bps, 55.04%, Err 541 (1.0e-04)
753.918 .... 1621 packets received, 4407 bps, 55.09%, Err 542 (1.0e-04)
756.047 .... 1625 packets received, 4405 bps, 55.07%, Err 545 (1.0e-04)
758.943 .... 1634 packets received, 4413 bps, 55.16%, Err 547 (1.0e-04)
761.870 .... 1643 packets received, 4420 bps, 55.25%, Err 551 (1.0e-04)
764.521 .... 1646 packets received, 4413 bps, 55.16%, Err 554 (1.0e-04)
767.181 .... 1651 packets received, 4411 bps, 55.13%, Err 556 (1.0e-04)
769.952 .... 1655 packets received, 4406 bps, 55.07%, Err 557 (1.0e-04)
772.727 .... 1663 packets received, 4411 bps, 55.14%, Err 561 (1.0e-04)
775.631 .... 1674 packets received, 4423 bps, 55.29%, Err 562 (1.0e-04)
782.597 .... 1675 packets received, 4387 bps, 54.83%, Err 566 (1.0e-04)
796.691 .... 1685 packets received, 4335 bps, 54.18%, Err 577 (1.0e-04)
814.567 .... 1701 packets received, 4280 bps, 53.50%, Err 588 (1.0e-04)
816.740 .... 1720 packets received, 4316 bps, 53.95%, Err 590 (1.0e-04)
818.846 .... 1728 packets received, 4325 bps, 54.06%, Err 590 (1.0e-04)
820.955 .... 1736 packets received, 4334 bps, 54.17%, Err 590 (1.0e-04)
829.357 ** WARNING: System too busy, sleep 15 ms, but be awakened 102 ms later
835.594 .... 1739 packets received, 4265 bps, 53.32%, Err 600 (1.0e-04)
839.019 ** WARNING: System too busy, sleep 15 ms, but be awakened 68 ms later
843.962 .... 1756 packets received, 4264 bps, 53.30%, Err 606 (1.0e-04)
845.799 ** WARNING: System too busy, sleep 15 ms, but be awakened 77 ms later
847.050 ** WARNING: System too busy, sleep 15 ms, but be awakened 79 ms later
852.911 .... 1771 packets received, 4255 bps, 53.19%, Err 610 (1.0e-04)
856.373 .... 1787 packets received, 4277 bps, 53.46%, Err 613 (1.0e-04)
869.343 .... 1790 packets received, 4220 bps, 52.75%, Err 623 (1.0e-04)
872.607 .... 1809 packets received, 4249 bps, 53.11%, Err 626 (1.0e-04)
881.793 .... 1819 packets received, 4228 bps, 52.84%, Err 639 (1.0e-04)
884.426 .... 1831 packets received, 4243 bps, 53.03%, Err 642 (1.0e-04)
886.549 .... 1838 packets received, 4249 bps, 53.11%, Err 643 (1.0e-04)
889.191 .... 1844 packets received, 4250 bps, 53.12%, Err 644 (1.0e-04)
892.111 .... 1854 packets received, 4259 bps, 53.24%, Err 646 (1.0e-04)
894.765 .... 1862 packets received, 4265 bps, 53.31%, Err 647 (1.0e-04)
902.291 .... 1868 packets received, 4243 bps, 53.03%, Err 651 (1.0e-04)
904.658 .... 1882 packets received, 4263 bps, 53.29%, Err 652 (1.0e-04)
906.777 .... 1886 packets received, 4262 bps, 53.28%, Err 653 (1.0e-04)
914.348 .... 1892 packets received, 4241 bps, 53.01%, Err 656 (1.0e-04)
916.460 .... 1910 packets received, 4271 bps, 53.39%, Err 659 (1.0e-04)
919.369 .... 1912 packets received, 4262 bps, 53.27%, Err 661 (1.0e-04)
926.571 .... 1920 packets received, 4247 bps, 53.08%, Err 671 (1.0e-04)
929.483 .... 1933 packets received, 4262 bps, 53.27%, Err 675 (1.0e-04)
931.599 .... 1940 packets received, 4268 bps, 53.34%, Err 676 (1.0e-04)
935.310 .... 1946 packets received, 4264 bps, 53.30%, Err 679 (1.0e-04)
938.208 .... 1951 packets received, 4262 bps, 53.27%, Err 682 (1.0e-04)
947.465 .... 1956 packets received, 4231 bps, 52.88%, Err 688 (1.0e-04)
951.108 .... 1973 packets received, 4251 bps, 53.14%, Err 689 (1.0e-04)
953.779 .... 1976 packets received, 4246 bps, 53.07%, Err 692 (1.0e-04)
962.016 .... 1981 packets received, 4220 bps, 52.75%, Err 693 (1.0e-04)
965.187 .... 2000 packets received, 4246 bps, 53.08%, Err 697 (1.0e-04)
967.285 .... 2010 packets received, 4258 bps, 53.23%, Err 697 (1.0e-04)
969.414 .... 2018 packets received, 4266 bps, 53.32%, Err 698 (1.0e-04)
972.325 .... 2025 packets received, 4268 bps, 53.35%, Err 700 (1.0e-04)
974.442 .... 2035 packets received, 4280 bps, 53.50%, Err 701 (1.0e-04)
976.582 .... 2039 packets received, 4279 bps, 53.48%, Err 704 (1.0e-04)
979.736 .... 2049 packets received, 4286 bps, 53.57%, Err 708 (1.0e-04)
982.387 .... 2052 packets received, 4280 bps, 53.51%, Err 708 (1.0e-04)
984.516 .... 2068 packets received, 4304 bps, 53.81%, Err 708 (1.0e-04)
987.951 .... 2076 packets received, 4306 bps, 53.83%, Err 712 (1.0e-04)
1001.809 .... 2080 packets received, 4255 bps, 53.18%, Err 720 (1.0e-04)
1004.127 .... 2098 packets received, 4282 bps, 53.52%, Err 722 (1.0e-04)
1007.301 .... 2104 packets received, 4280 bps, 53.50%, Err 724 (1.0e-04)
1014.585 .... 2107 packets received, 4256 bps, 53.20%, Err 729 (1.0e-04)
1017.507 .... 2122 packets received, 4274 bps, 53.42%, Err 729 (1.0e-04)
1019.635 .... 2130 packets received, 4281 bps, 53.51%, Err 730 (1.0e-04)
1026.528 .... 2131 packets received, 4254 bps, 53.17%, Err 737 (1.0e-04)
1029.442 .... 2144 packets received, 4268 bps, 53.35%, Err 739 (1.0e-04)
1038.347 .... 2148 packets received, 4239 bps, 52.99%, Err 744 (1.0e-04)
1045.974 .... 2159 packets received, 4230 bps, 52.87%, Err 750 (1.0e-04)
1048.092 .... 2176 packets received, 4254 bps, 53.18%, Err 751 (1.0e-04)
1050.487 .... 2181 packets received, 4254 bps, 53.18%, Err 753 (1.0e-04)
1053.390 .... 2187 packets received, 4254 bps, 53.18%, Err 755 (1.0e-04)
1061.789 .... 2198 packets received, 4242 bps, 53.02%, Err 761 (1.0e-04)
1065.254 .... 2213 packets received, 4257 bps, 53.21%, Err 765 (1.0e-04)
1067.369 .... 2220 packets received, 4262 bps, 53.27%, Err 765 (1.0e-04)
1069.480 .... 2228 packets received, 4269 bps, 53.36%, Err 766 (1.0e-04)
1076.556 .... 2229 packets received, 4243 bps, 53.03%, Err 770 (1.0e-04)
1080.263 .... 2245 packets received, 4258 bps, 53.23%, Err 772 (1.0e-04)
1088.345 .... 2248 packets received, 4233 bps, 52.91%, Err 780 (1.0e-04)
1091.545 .... 2264 packets received, 4250 bps, 53.13%, Err 783 (1.0e-04)
1093.647 .... 2272 packets received, 4257 bps, 53.21%, Err 784 (1.0e-04)
1095.744 .... 2279 packets received, 4262 bps, 53.27%, Err 785 (1.0e-04)
1113.656 .... 2280 packets received, 4195 bps, 52.44%, Err 798 (1.0e-04)
1115.818 .... 2299 packets received, 4222 bps, 52.77%, Err 800 (1.0e-04)
1122.965 .... 2301 packets received, 4199 bps, 52.48%, Err 804 (1.0e-04)
1125.347 .... 2317 packets received, 4219 bps, 52.74%, Err 808 (1.0e-04)
1134.295 .... 2321 packets received, 4193 bps, 52.41%, Err 816 (1.0e-04)
1137.217 .... 2337 packets received, 4211 bps, 52.64%, Err 817 (1.0e-04)
1138.433 ** WARNING: System too busy, sleep 15 ms, but be awakened 81 ms later
1139.320 .... 2343 packets received, 4214 bps, 52.67%, Err 817 (1.0e-04)
1140.611 ** WARNING: System too busy, sleep 15 ms, but be awakened 76 ms later
1141.442 .... 2348 packets received, 4215 bps, 52.69%, Err 818 (1.0e-04)
1143.559 .... 2352 packets received, 4214 bps, 52.68%, Err 820 (1.0e-04)
1145.690 .... 2363 packets received, 4226 bps, 52.83%, Err 821 (1.0e-04)
1158.174 .... 2364 packets received, 4182 bps, 52.28%, Err 828 (1.0e-04)
1165.636 .... 2380 packets received, 4184 bps, 52.30%, Err 833 (1.0e-04)
1169.080 .... 2396 packets received, 4199 bps, 52.49%, Err 837 (1.0e-04)
1171.738 .... 2401 packets received, 4199 bps, 52.48%, Err 839 (1.0e-04)
1174.388 .... 2406 packets received, 4198 bps, 52.47%, Err 841 (1.0e-04)
1177.031 .... 2415 packets received, 4204 bps, 52.55%, Err 845 (1.0e-04)
1183.946 .... 2416 packets received, 4181 bps, 52.27%, Err 852 (1.0e-04)
1186.043 .... 2431 packets received, 4200 bps, 52.50%, Err 853 (1.0e-04)
1188.977 .... 2433 packets received, 4193 bps, 52.41%, Err 856 (1.0e-04)
1197.360 .... 2436 packets received, 4169 bps, 52.11%, Err 862 (1.0e-04)
1199.467 .... 2454 packets received, 4192 bps, 52.40%, Err 862 (1.0e-04)
1201.842 .... 2458 packets received, 4191 bps, 52.38%, Err 866 (1.0e-04)
1203.968 .... 2467 packets received, 4199 bps, 52.48%, Err 866 (1.0e-04)
1206.888 .... 2474 packets received, 4200 bps, 52.50%, Err 868 (1.0e-04)
1209.535 .... 2479 packets received, 4200 bps, 52.49%, Err 870 (1.0e-04)
1211.661 .... 2489 packets received, 4209 bps, 52.61%, Err 873 (1.0e-04)
1213.771 .... 2499 packets received, 4219 bps, 52.73%, Err 875 (1.0e-04)
1216.419 .... 2504 packets received, 4218 bps, 52.72%, Err 877 (1.0e-04)
1218.544 .... 2514 packets received, 4227 bps, 52.84%, Err 878 (1.0e-04)
1221.698 .... 2517 packets received, 4221 bps, 52.77%, Err 880 (1.0e-04)
1223.830 .... 2526 packets received, 4229 bps, 52.86%, Err 881 (1.0e-04)
1225.955 .... 2538 packets received, 4242 bps, 53.02%, Err 882 (1.0e-04)
1228.072 .... 2545 packets received, 4246 bps, 53.08%, Err 883 (1.0e-04)
1230.731 .... 2551 packets received, 4247 bps, 53.09%, Err 884 (1.0e-04)
1233.362 .... 2558 packets received, 4250 bps, 53.12%, Err 887 (1.0e-04)
1236.014 .... 2566 packets received, 4254 bps, 53.17%, Err 890 (1.0e-04)
1238.649 .... 2570 packets received, 4251 bps, 53.14%, Err 891 (1.0e-04)
1241.035 .... 2584 packets received, 4266 bps, 53.33%, Err 892 (1.0e-04)
1243.147 .... 2591 packets received, 4271 bps, 53.38%, Err 893 (1.0e-04)
1245.271 .... 2602 packets received, 4281 bps, 53.52%, Err 894 (1.0e-04)
1247.912 .... 2605 packets received, 4277 bps, 53.47%, Err 897 (1.0e-04)
1250.567 .... 2611 packets received, 4278 bps, 53.47%, Err 899 (1.0e-04)
1253.471 .... 2616 packets received, 4276 bps, 53.45%, Err 903 (1.0e-04)
1256.383 .... 2623 packets received, 4278 bps, 53.47%, Err 903 (1.0e-04)
1258.739 .... 2627 packets received, 4276 bps, 53.45%, Err 905 (1.0e-04)
1267.676 .... 2644 packets received, 4274 bps, 53.42%, Err 913 (1.0e-04)
1270.317 .... 2653 packets received, 4279 bps, 53.49%, Err 915 (1.0e-04)
1272.447 .... 2663 packets received, 4288 bps, 53.60%, Err 918 (1.0e-04)
1274.551 .... 2670 packets received, 4292 bps, 53.65%, Err 920 (1.0e-04)
1276.648 .... 2678 packets received, 4298 bps, 53.73%, Err 921 (1.0e-04)
1278.769 .... 2685 packets received, 4302 bps, 53.78%, Err 922 (1.0e-04)
1283.626 ** WARNING: System too busy, sleep 15 ms, but be awakened 143 ms later
1286.301 .... 2688 packets received, 4282 bps, 53.52%, Err 926 (1.0e-04)
1288.568 .... 2707 packets received, 4304 bps, 53.80%, Err 927 (1.0e-04)
1291.733 .... 2714 packets received, 4305 bps, 53.81%, Err 929 (1.0e-04)
1294.636 .... 2720 packets received, 4305 bps, 53.81%, Err 931 (1.0e-04)
1297.835 .... 2734 packets received, 4316 bps, 53.95%, Err 934 (1.0e-04)
1300.484 .... 2743 packets received, 4322 bps, 54.02%, Err 937 (1.0e-04)
1302.594 .... 2753 packets received, 4330 bps, 54.13%, Err 937 (1.0e-04)
1304.711 .... 2761 packets received, 4336 bps, 54.20%, Err 938 (1.0e-04)
1307.599 .... 2765 packets received, 4333 bps, 54.16%, Err 942 (1.0e-04)
1310.511 .... 2776 packets received, 4340 bps, 54.25%, Err 945 (1.0e-04)
1313.170 .... 2779 packets received, 4336 bps, 54.20%, Err 946 (1.0e-04)
1315.810 .... 2789 packets received, 4343 bps, 54.29%, Err 949 (1.0e-04)
1318.452 .... 2794 packets received, 4342 bps, 54.27%, Err 952 (1.0e-04)
1321.108 .... 2799 packets received, 4341 bps, 54.26%, Err 953 (1.0e-04)
1323.955 .... 2815 packets received, 4356 bps, 54.46%, Err 955 (1.0e-04)
1326.053 .... 2826 packets received, 4367 bps, 54.58%, Err 955 (1.0e-04)
1328.163 .... 2833 packets received, 4370 bps, 54.63%, Err 956 (1.0e-04)
1334.491 .... 2836 packets received, 4354 bps, 54.43%, Err 961 (1.0e-04)
1336.618 .... 2843 packets received, 4358 bps, 54.48%, Err 965 (1.0e-04)
1339.273 .... 2851 packets received, 4362 bps, 54.52%, Err 968 (1.0e-04)
1346.330 .... 2852 packets received, 4340 bps, 54.25%, Err 973 (1.0e-04)
1349.241 .... 2866 packets received, 4352 bps, 54.40%, Err 975 (1.0e-04)
1351.389 .... 2870 packets received, 4351 bps, 54.39%, Err 976 (1.0e-04)
1353.502 .... 2879 packets received, 4358 bps, 54.48%, Err 978 (1.0e-04)
1360.720 .... 2881 packets received, 4338 bps, 54.23%, Err 981 (1.0e-04)
1363.900 .... 2899 packets received, 4355 bps, 54.44%, Err 984 (1.0e-04)
1366.011 .... 2908 packets received, 4362 bps, 54.52%, Err 986 (1.0e-04)
1368.403 .... 2913 packets received, 4362 bps, 54.52%, Err 988 (1.0e-04)
1371.551 .... 2923 packets received, 4367 bps, 54.58%, Err 989 (1.0e-04)
1374.739 .... 2932 packets received, 4370 bps, 54.62%, Err 992 (1.0e-04)
1376.867 .... 2943 packets received, 4379 bps, 54.74%, Err 992 (1.0e-04)
1379.784 .... 2950 packets received, 4381 bps, 54.76%, Err 994 (1.0e-04)
1382.436 .... 2957 packets received, 4383 bps, 54.78%, Err 996 (1.0e-04)
1384.536 .... 2968 packets received, 4392 bps, 54.90%, Err 996 (1.0e-04)
1392.825 .... 2974 packets received, 4375 bps, 54.69%, Err 1007 (1.0e-04)
1395.210 .... 2986 packets received, 4385 bps, 54.81%, Err 1009 (1.0e-04)
1397.320 .... 2993 packets received, 4389 bps, 54.86%, Err 1012 (1.0e-04)
1399.685 ** WARNING: System too busy, sleep 15 ms, but be awakened 71 ms later
1400.255 .... 2998 packets received, 4387 bps, 54.83%, Err 1016 (1.0e-04)
1404.515 ** WARNING: System too busy, sleep 15 ms, but be awakened 113 ms later
1408.439 .... 3001 packets received, 4366 bps, 54.57%, Err 1019 (1.0e-04)
1410.565 .... 3019 packets received, 4385 bps, 54.81%, Err 1021 (1.0e-04)
1411.764 ** WARNING: System too busy, sleep 15 ms, but be awakened 408 ms later
1412.844 .... 3021 packets received, 4381 bps, 54.76%, Err 1025 (1.0e-04)
1415.993 .... 3027 packets received, 4380 bps, 54.75%, Err 1027 (1.0e-04)
1418.743 ** WARNING: System too busy, sleep 15 ms, but be awakened 207 ms later
1419.530 .... 3035 packets received, 4381 bps, 54.76%, Err 1029 (1.0e-04)
1421.746 ** WARNING: System too busy, sleep 15 ms, but be awakened 231 ms later
1425.606 .... 3047 packets received, 4379 bps, 54.74%, Err 1036 (1.0e-04)
1428.286 ** WARNING: System too busy, sleep 15 ms, but be awakened 133 ms later
1429.021 .... 3054 packets received, 4379 bps, 54.73%, Err 1038 (1.0e-04)
1431.160 .... 3064 packets received, 4386 bps, 54.83%, Err 1041 (1.0e-04)
