000.000 =============================================================
000.000                     Station A                               
000.000 -------------------------------------------------------------
000.000 Protocol.lib, version 4.0, jiangyanjun0718@bupt.edu.cn
000.000 Channel: 8000 bps, 270 ms propagation delay, bit error rate 1.0E-04
000.000 Log file "datalink-A.log", TCP port 59144, debug mask 0x00
000.000 Station A is waiting for station B on TCP port 59144 ... Done.
000.288 New epoch: Wed Jun  3 15:52:12 2020
000.296 =================================================================
000.297 
000.311 Designed by 2018210074 - Xiong Yu, build: May  5 2020  18:54:54
004.050 .... 7 packets received, 4155 bps, 51.94%, Err 4 (1.3e-04)
007.220 .... 18 packets received, 5569 bps, 69.61%, Err 5 (9.1e-05)
010.656 .... 26 packets received, 5295 bps, 66.19%, Err 8 (9.7e-05)
013.810 .... 37 packets received, 5736 bps, 71.70%, Err 9 (8.4e-05)
016.821 ** WARNING: System too busy, sleep 15 ms, but be awakened 68 ms later
021.705 .... 44 packets received, 4270 bps, 53.37%, Err 20 (1.3e-04)
024.632 .... 59 packets received, 5028 bps, 62.85%, Err 21 (1.2e-04)
032.122 .... 61 packets received, 3963 bps, 49.54%, Err 26 (1.1e-04)
034.746 .... 78 packets received, 4678 bps, 58.48%, Err 26 (1.0e-04)
036.869 .... 84 packets received, 4743 bps, 59.29%, Err 27 (1.0e-04)
040.050 .... 88 packets received, 4568 bps, 57.11%, Err 30 (1.0e-04)
042.720 .... 95 packets received, 4619 bps, 57.74%, Err 31 (9.8e-05)
045.085 .... 105 packets received, 4834 bps, 60.42%, Err 32 (9.6e-05)
048.280 .... 114 packets received, 4897 bps, 61.21%, Err 35 (9.7e-05)
050.392 .... 125 packets received, 5141 bps, 64.27%, Err 35 (9.3e-05)
053.298 .... 132 packets received, 5130 bps, 64.12%, Err 38 (9.5e-05)
055.453 .... 142 packets received, 5302 bps, 66.27%, Err 41 (9.8e-05)
058.090 .... 147 packets received, 5237 bps, 65.46%, Err 44 (1.0e-04)
066.160 .... 155 packets received, 4842 bps, 60.52%, Err 50 (1.0e-04)
068.254 .... 172 packets received, 5207 bps, 65.08%, Err 50 (9.8e-05)
071.433 .... 177 packets received, 5118 bps, 63.97%, Err 52 (9.7e-05)
073.545 .... 189 packets received, 5306 bps, 66.33%, Err 52 (9.4e-05)
075.668 .... 192 packets received, 5238 bps, 65.48%, Err 53 (9.3e-05)
079.094 .... 203 packets received, 5297 bps, 66.21%, Err 54 (9.1e-05)
097.810 .... 212 packets received, 4466 bps, 55.83%, Err 71 (9.9e-05)
100.029 .... 230 packets received, 4737 bps, 59.22%, Err 74 (1.0e-04)
102.690 .... 235 packets received, 4714 bps, 58.93%, Err 77 (1.0e-04)
105.340 .... 239 packets received, 4673 bps, 58.42%, Err 78 (1.0e-04)
114.250 .... 253 packets received, 4559 bps, 56.99%, Err 88 (1.1e-04)
127.252 .... 255 packets received, 4123 bps, 51.54%, Err 102 (1.1e-04)
134.365 .... 271 packets received, 4149 bps, 51.86%, Err 109 (1.1e-04)
136.732 .... 278 packets received, 4182 bps, 52.28%, Err 111 (1.1e-04)
139.133 .... 287 packets received, 4243 bps, 53.04%, Err 112 (1.1e-04)
141.237 .... 295 packets received, 4296 bps, 53.70%, Err 112 (1.1e-04)
143.071 ** WARNING: System too busy, sleep 15 ms, but be awakened 80 ms later
143.286 .... 302 packets received, 4335 bps, 54.18%, Err 112 (1.1e-04)
145.473 .... 310 packets received, 4382 bps, 54.78%, Err 114 (1.1e-04)
148.128 .... 316 packets received, 4387 bps, 54.83%, Err 115 (1.1e-04)
150.233 .... 327 packets received, 4476 bps, 55.95%, Err 115 (1.1e-04)
153.431 .... 334 packets received, 4476 bps, 55.95%, Err 117 (1.1e-04)
156.082 .... 341 packets received, 4492 bps, 56.15%, Err 119 (1.1e-04)
158.179 .... 353 packets received, 4588 bps, 57.35%, Err 119 (1.0e-04)
160.810 .... 359 packets received, 4589 bps, 57.36%, Err 121 (1.0e-04)
163.722 .... 364 packets received, 4570 bps, 57.13%, Err 123 (1.0e-04)
165.850 .... 378 packets received, 4685 bps, 58.56%, Err 124 (1.0e-04)
169.045 .... 386 packets received, 4693 bps, 58.66%, Err 125 (1.0e-04)
176.254 .... 391 packets received, 4559 bps, 56.98%, Err 132 (1.0e-04)
185.196 .... 399 packets received, 4427 bps, 55.33%, Err 139 (1.0e-04)
187.395 .... 415 packets received, 4550 bps, 56.88%, Err 139 (1.0e-04)
189.523 .... 420 packets received, 4553 bps, 56.91%, Err 142 (1.0e-04)
191.651 .... 423 packets received, 4534 bps, 56.68%, Err 143 (1.0e-04)
193.763 .... 435 packets received, 4612 bps, 57.65%, Err 143 (1.0e-04)
195.863 .... 443 packets received, 4646 bps, 58.08%, Err 144 (1.0e-04)
199.310 .... 446 packets received, 4597 bps, 57.46%, Err 148 (1.0e-04)
207.569 .... 450 packets received, 4453 bps, 55.66%, Err 154 (1.0e-04)
209.686 .... 467 packets received, 4574 bps, 57.18%, Err 154 (1.0e-04)
211.818 .... 472 packets received, 4577 bps, 57.21%, Err 157 (1.0e-04)
213.922 .... 479 packets received, 4599 bps, 57.48%, Err 158 (1.0e-04)
216.036 .... 486 packets received, 4620 bps, 57.75%, Err 158 (1.0e-04)
218.681 .... 492 packets received, 4620 bps, 57.75%, Err 160 (1.0e-04)
221.322 .... 498 packets received, 4621 bps, 57.76%, Err 161 (1.0e-04)
223.453 .... 511 packets received, 4696 bps, 58.70%, Err 161 (9.9e-05)
225.573 .... 519 packets received, 4725 bps, 59.06%, Err 162 (9.8e-05)
227.708 .... 526 packets received, 4743 bps, 59.29%, Err 164 (9.8e-05)
230.324 .... 528 packets received, 4707 bps, 58.84%, Err 167 (9.9e-05)
237.353 .... 534 packets received, 4619 bps, 57.74%, Err 172 (9.9e-05)
240.262 .... 544 packets received, 4649 bps, 58.11%, Err 176 (1.0e-04)
243.991 .... 554 packets received, 4662 bps, 58.27%, Err 178 (1.0e-04)
247.157 .... 566 packets received, 4701 bps, 58.77%, Err 180 (9.9e-05)
249.803 .... 573 packets received, 4709 bps, 58.86%, Err 183 (1.0e-04)
252.990 .... 584 packets received, 4739 bps, 59.24%, Err 186 (1.0e-04)
266.828 .... 592 packets received, 4554 bps, 56.93%, Err 195 (1.0e-04)
268.855 .... 609 packets received, 4649 bps, 58.12%, Err 196 (1.0e-04)
288.544 .... 616 packets received, 4381 bps, 54.77%, Err 208 (1.0e-04)
291.702 .... 634 packets received, 4460 bps, 55.76%, Err 209 (9.9e-05)
293.801 .... 644 packets received, 4498 bps, 56.23%, Err 209 (9.8e-05)
302.711 .... 652 packets received, 4420 bps, 55.25%, Err 216 (9.9e-05)
304.809 .... 662 packets received, 4457 bps, 55.71%, Err 218 (9.9e-05)
306.954 .... 669 packets received, 4472 bps, 55.90%, Err 222 (1.0e-04)
309.075 .... 673 packets received, 4468 bps, 55.85%, Err 226 (1.0e-04)
311.727 .... 676 packets received, 4450 bps, 55.62%, Err 226 (1.0e-04)
314.370 .... 689 packets received, 4497 bps, 56.21%, Err 228 (1.0e-04)
316.482 .... 700 packets received, 4538 bps, 56.73%, Err 229 (1.0e-04)
318.602 .... 707 packets received, 4553 bps, 56.92%, Err 230 (9.9e-05)
327.007 .... 711 packets received, 4461 bps, 55.76%, Err 234 (9.9e-05)
329.950 .... 728 packets received, 4527 bps, 56.59%, Err 237 (9.9e-05)
337.497 .... 730 packets received, 4438 bps, 55.47%, Err 243 (1.0e-04)
350.442 .... 734 packets received, 4297 bps, 53.71%, Err 251 (1.0e-04)
352.652 .... 752 packets received, 4375 bps, 54.68%, Err 251 (9.9e-05)
355.811 .... 758 packets received, 4370 bps, 54.63%, Err 253 (9.9e-05)
363.172 .... 762 packets received, 4304 bps, 53.80%, Err 260 (1.0e-04)
365.795 .... 775 packets received, 4346 bps, 54.33%, Err 265 (1.0e-04)
367.928 .... 782 packets received, 4360 bps, 54.50%, Err 265 (1.0e-04)
370.574 .... 786 packets received, 4351 bps, 54.39%, Err 269 (1.0e-04)
372.677 .... 796 packets received, 4381 bps, 54.77%, Err 269 (1.0e-04)
374.803 .... 799 packets received, 4373 bps, 54.66%, Err 270 (1.0e-04)
377.187 .... 808 packets received, 4394 bps, 54.93%, Err 273 (1.0e-04)
379.821 .... 812 packets received, 4385 bps, 54.82%, Err 274 (1.0e-04)
382.483 .... 824 packets received, 4419 bps, 55.24%, Err 276 (1.0e-04)
385.934 .... 834 packets received, 4433 bps, 55.41%, Err 279 (1.0e-04)
388.020 .... 845 packets received, 4467 bps, 55.84%, Err 279 (9.9e-05)
396.727 .... 848 packets received, 4384 bps, 54.80%, Err 286 (1.0e-04)
399.909 .... 864 packets received, 4431 bps, 55.39%, Err 287 (9.9e-05)
402.035 .... 870 packets received, 4438 bps, 55.48%, Err 288 (9.9e-05)
415.532 .... 878 packets received, 4334 bps, 54.17%, Err 299 (1.0e-04)
417.723 .... 897 packets received, 4404 bps, 55.05%, Err 301 (1.0e-04)
419.863 .... 904 packets received, 4416 bps, 55.20%, Err 302 (1.0e-04)
422.522 .... 906 packets received, 4398 bps, 54.97%, Err 304 (1.0e-04)
429.430 .... 908 packets received, 4336 bps, 54.21%, Err 311 (1.0e-04)
431.819 .... 924 packets received, 4388 bps, 54.85%, Err 314 (1.0e-04)
433.941 .... 930 packets received, 4395 bps, 54.94%, Err 314 (1.0e-04)
436.046 .... 938 packets received, 4412 bps, 55.15%, Err 314 (1.0e-04)
438.174 .... 945 packets received, 4423 bps, 55.29%, Err 315 (1.0e-04)
441.095 .... 951 packets received, 4421 bps, 55.27%, Err 318 (1.0e-04)
448.539 .... 957 packets received, 4375 bps, 54.69%, Err 325 (1.0e-04)
451.455 .... 971 packets received, 4411 bps, 55.13%, Err 326 (1.0e-04)
460.099 .... 978 packets received, 4359 bps, 54.49%, Err 333 (1.0e-04)
462.503 .... 988 packets received, 4381 bps, 54.76%, Err 334 (1.0e-04)
469.904 .... 994 packets received, 4338 bps, 54.22%, Err 339 (1.0e-04)
473.875 .... 1008 packets received, 4362 bps, 54.52%, Err 339 (9.9e-05)
476.007 .... 1018 packets received, 4385 bps, 54.82%, Err 342 (1.0e-04)
482.294 ** WARNING: System too busy, sleep 15 ms, but be awakened 82 ms later
483.039 .... 1021 packets received, 4334 bps, 54.18%, Err 347 (1.0e-04)
491.035 ** WARNING: System too busy, sleep 15 ms, but be awakened 91 ms later
492.833 .... 1030 packets received, 4285 bps, 53.57%, Err 356 (1.0e-04)
494.635 ** WARNING: System too busy, sleep 15 ms, but be awakened 148 ms later
495.219 .... 1045 packets received, 4327 bps, 54.09%, Err 358 (1.0e-04)
497.582 .... 1049 packets received, 4323 bps, 54.03%, Err 361 (1.0e-04)
499.713 .... 1058 packets received, 4341 bps, 54.27%, Err 361 (1.0e-04)
501.818 .... 1065 packets received, 4352 bps, 54.40%, Err 363 (1.0e-04)
504.743 .... 1071 packets received, 4351 bps, 54.38%, Err 367 (1.0e-04)
512.107 .... 1072 packets received, 4292 bps, 53.65%, Err 369 (1.0e-04)
514.232 .... 1090 packets received, 4346 bps, 54.33%, Err 370 (1.0e-04)
521.624 .... 1091 packets received, 4288 bps, 53.61%, Err 377 (1.0e-04)
525.346 .... 1107 packets received, 4320 bps, 54.01%, Err 378 (1.0e-04)
525.740 ** WARNING: System too busy, sleep 15 ms, but be awakened 66 ms later
527.454 .... 1114 packets received, 4330 bps, 54.13%, Err 380 (1.0e-04)
530.619 .... 1116 packets received, 4312 bps, 53.90%, Err 382 (1.0e-04)
533.262 .... 1127 packets received, 4333 bps, 54.16%, Err 385 (1.0e-04)
536.163 .... 1134 packets received, 4336 bps, 54.21%, Err 387 (1.0e-04)
539.080 .... 1147 packets received, 4362 bps, 54.53%, Err 389 (1.0e-04)
541.988 .... 1152 packets received, 4358 bps, 54.47%, Err 391 (1.0e-04)
549.367 .... 1158 packets received, 4322 bps, 54.02%, Err 397 (1.0e-04)
556.733 .... 1171 packets received, 4312 bps, 53.90%, Err 400 (1.0e-04)
559.388 .... 1181 packets received, 4328 bps, 54.11%, Err 404 (1.0e-04)
562.170 ** WARNING: System too busy, sleep 15 ms, but be awakened 88 ms later
562.854 .... 1188 packets received, 4327 bps, 54.09%, Err 405 (1.0e-04)
565.499 .... 1198 packets received, 4343 bps, 54.29%, Err 408 (1.0e-04)
572.434 .... 1201 packets received, 4301 bps, 53.77%, Err 413 (1.0e-04)
574.543 .... 1216 packets received, 4339 bps, 54.24%, Err 414 (1.0e-04)
575.074 ** WARNING: System too busy, sleep 15 ms, but be awakened 110 ms later
576.671 .... 1223 packets received, 4348 bps, 54.35%, Err 415 (1.0e-04)
579.833 .... 1229 packets received, 4345 bps, 54.32%, Err 418 (1.0e-04)
583.003 .... 1239 packets received, 4357 bps, 54.46%, Err 421 (1.0e-04)
585.004 ** WARNING: System too busy, sleep 15 ms, but be awakened 99 ms later
585.921 .... 1245 packets received, 4356 bps, 54.45%, Err 426 (1.0e-04)
589.099 .... 1253 packets received, 4360 bps, 54.51%, Err 428 (1.0e-04)
592.283 .... 1266 packets received, 4382 bps, 54.78%, Err 429 (1.0e-04)
595.458 .... 1280 packets received, 4407 bps, 55.09%, Err 431 (1.0e-04)
608.864 .... 1284 packets received, 4323 bps, 54.04%, Err 439 (1.0e-04)
611.021 .... 1303 packets received, 4372 bps, 54.65%, Err 440 (1.0e-04)
617.939 .... 1304 packets received, 4326 bps, 54.07%, Err 445 (1.0e-04)
621.123 .... 1317 packets received, 4347 bps, 54.33%, Err 447 (1.0e-04)
623.219 .... 1324 packets received, 4355 bps, 54.44%, Err 448 (1.0e-04)
625.332 .... 1330 packets received, 4360 bps, 54.50%, Err 449 (1.0e-04)
627.447 .... 1336 packets received, 4365 bps, 54.56%, Err 451 (1.0e-04)
630.382 .... 1342 packets received, 4364 bps, 54.55%, Err 454 (1.0e-04)
633.034 .... 1345 packets received, 4355 bps, 54.44%, Err 456 (1.0e-04)
635.671 .... 1354 packets received, 4366 bps, 54.58%, Err 459 (1.0e-04)
638.314 .... 1361 packets received, 4371 bps, 54.64%, Err 460 (1.0e-04)
641.491 .... 1377 packets received, 4400 bps, 55.00%, Err 462 (1.0e-04)
644.693 .... 1387 packets received, 4410 bps, 55.13%, Err 464 (1.0e-04)
648.071 ** WARNING: System too busy, sleep 15 ms, but be awakened 120 ms later
651.674 .... 1390 packets received, 4372 bps, 54.65%, Err 473 (1.0e-04)
653.790 .... 1401 packets received, 4393 bps, 54.91%, Err 474 (1.0e-04)
656.161 .... 1407 packets received, 4396 bps, 54.94%, Err 475 (1.0e-04)
658.555 .... 1414 packets received, 4401 bps, 55.02%, Err 477 (1.0e-04)
660.942 .... 1415 packets received, 4389 bps, 54.86%, Err 477 (1.0e-04)
663.307 .... 1425 packets received, 4404 bps, 55.05%, Err 479 (1.0e-04)
671.798 .... 1436 packets received, 4382 bps, 54.77%, Err 487 (1.0e-04)
674.983 .... 1452 packets received, 4410 bps, 55.12%, Err 489 (1.0e-04)
677.612 .... 1457 packets received, 4408 bps, 55.09%, Err 491 (1.0e-04)
686.582 .... 1463 packets received, 4368 bps, 54.60%, Err 501 (1.0e-04)
688.951 .... 1478 packets received, 4397 bps, 54.97%, Err 504 (1.0e-04)
691.084 .... 1484 packets received, 4402 bps, 55.02%, Err 504 (1.0e-04)
693.436 .... 1489 packets received, 4401 bps, 55.02%, Err 507 (1.0e-04)
696.359 .... 1493 packets received, 4395 bps, 54.93%, Err 507 (1.0e-04)
705.275 .... 1509 packets received, 4386 bps, 54.82%, Err 510 (1.0e-04)
708.446 .... 1525 packets received, 4412 bps, 55.15%, Err 515 (1.0e-04)
710.572 .... 1533 packets received, 4422 bps, 55.28%, Err 515 (1.0e-04)
712.943 .... 1538 packets received, 4422 bps, 55.27%, Err 518 (1.0e-04)
716.675 .... 1546 packets received, 4422 bps, 55.27%, Err 520 (1.0e-04)
725.533 .... 1560 packets received, 4407 bps, 55.09%, Err 525 (1.0e-04)
738.921 .... 1570 packets received, 4355 bps, 54.44%, Err 534 (1.0e-04)
741.024 .... 1589 packets received, 4395 bps, 54.94%, Err 535 (1.0e-04)
743.931 .... 1592 packets received, 4386 bps, 54.83%, Err 538 (1.0e-04)
746.848 .... 1601 packets received, 4394 bps, 54.92%, Err 540 (1.0e-04)
753.781 .... 1607 packets received, 4370 bps, 54.62%, Err 543 (1.0e-04)
755.911 .... 1625 packets received, 4406 bps, 55.08%, Err 544 (1.0e-04)
758.024 .... 1633 packets received, 4415 bps, 55.19%, Err 544 (9.9e-05)
760.935 .... 1636 packets received, 4407 bps, 55.08%, Err 547 (9.9e-05)
763.590 .... 1644 packets received, 4413 bps, 55.16%, Err 549 (9.9e-05)
766.247 .... 1654 packets received, 4424 bps, 55.30%, Err 553 (1.0e-04)
768.912 .... 1656 packets received, 4414 bps, 55.18%, Err 556 (1.0e-04)
771.566 .... 1666 packets received, 4426 bps, 55.32%, Err 559 (1.0e-04)
774.463 .... 1674 packets received, 4430 bps, 55.38%, Err 564 (1.0e-04)
777.242 .... 1678 packets received, 4425 bps, 55.31%, Err 566 (1.0e-04)
790.121 .... 1681 packets received, 4360 bps, 54.51%, Err 574 (1.0e-04)
792.201 .... 1699 packets received, 4396 bps, 54.94%, Err 575 (1.0e-04)
795.381 .... 1707 packets received, 4399 bps, 54.98%, Err 577 (1.0e-04)
798.554 .... 1718 packets received, 4409 bps, 55.12%, Err 579 (1.0e-04)
800.639 .... 1728 packets received, 4423 bps, 55.29%, Err 581 (1.0e-04)
802.763 .... 1732 packets received, 4422 bps, 55.27%, Err 582 (1.0e-04)
805.947 .... 1743 packets received, 4432 bps, 55.41%, Err 584 (1.0e-04)
808.587 .... 1748 packets received, 4431 bps, 55.38%, Err 585 (1.0e-04)
810.685 .... 1761 packets received, 4452 bps, 55.65%, Err 586 (1.0e-04)
812.791 .... 1765 packets received, 4451 bps, 55.63%, Err 589 (1.0e-04)
816.242 .... 1775 packets received, 4457 bps, 55.71%, Err 594 (1.0e-04)
818.335 .... 1786 packets received, 4473 bps, 55.91%, Err 594 (1.0e-04)
820.476 .... 1789 packets received, 4469 bps, 55.86%, Err 596 (1.0e-04)
822.589 .... 1801 packets received, 4487 bps, 56.09%, Err 597 (1.0e-04)
825.749 .... 1806 packets received, 4482 bps, 56.03%, Err 599 (1.0e-04)
828.411 .... 1817 packets received, 4495 bps, 56.19%, Err 602 (1.0e-04)
829.357 ** WARNING: System too busy, sleep 15 ms, but be awakened 104 ms later
837.228 .... 1820 packets received, 4455 bps, 55.69%, Err 609 (1.0e-04)
839.019 ** WARNING: System too busy, sleep 15 ms, but be awakened 66 ms later
844.278 .... 1826 packets received, 4433 bps, 55.41%, Err 612 (1.0e-04)
845.799 ** WARNING: System too busy, sleep 15 ms, but be awakened 77 ms later
846.487 .... 1844 packets received, 4465 bps, 55.81%, Err 613 (1.0e-04)
847.050 ** WARNING: System too busy, sleep 15 ms, but be awakened 79 ms later
849.638 .... 1851 packets received, 4465 bps, 55.81%, Err 617 (1.0e-04)
851.773 .... 1861 packets received, 4478 bps, 55.97%, Err 618 (1.0e-04)
854.924 .... 1868 packets received, 4478 bps, 55.98%, Err 620 (1.0e-04)
867.993 .... 1869 packets received, 4413 bps, 55.16%, Err 633 (1.0e-04)
871.055 .... 1885 packets received, 4435 bps, 55.44%, Err 638 (1.0e-04)
873.715 .... 1888 packets received, 4429 bps, 55.36%, Err 639 (1.0e-04)
887.688 .... 1899 packets received, 4384 bps, 54.80%, Err 648 (1.0e-04)
889.845 .... 1918 packets received, 4417 bps, 55.22%, Err 650 (1.0e-04)
892.491 .... 1922 packets received, 4413 bps, 55.17%, Err 653 (1.0e-04)
895.148 .... 1927 packets received, 4412 bps, 55.15%, Err 653 (1.0e-04)
897.278 .... 1941 packets received, 4433 bps, 55.42%, Err 656 (1.0e-04)
904.231 .... 1942 packets received, 4401 bps, 55.02%, Err 660 (1.0e-04)
906.343 .... 1958 packets received, 4427 bps, 55.34%, Err 660 (1.0e-04)
909.017 .... 1961 packets received, 4421 bps, 55.26%, Err 663 (1.0e-04)
911.912 .... 1969 packets received, 4425 bps, 55.31%, Err 666 (1.0e-04)
918.999 .... 1971 packets received, 4395 bps, 54.94%, Err 670 (1.0e-04)
921.115 .... 1989 packets received, 4425 bps, 55.32%, Err 672 (1.0e-04)
923.239 .... 1997 packets received, 4433 bps, 55.41%, Err 674 (1.0e-04)
925.340 .... 2005 packets received, 4440 bps, 55.51%, Err 675 (1.0e-04)
932.335 .... 2006 packets received, 4409 bps, 55.12%, Err 680 (1.0e-04)
934.448 .... 2013 packets received, 4415 bps, 55.18%, Err 682 (1.0e-04)
936.592 .... 2023 packets received, 4426 bps, 55.33%, Err 683 (1.0e-04)
938.708 .... 2031 packets received, 4434 bps, 55.42%, Err 683 (1.0e-04)
946.570 .... 2035 packets received, 4406 bps, 55.07%, Err 689 (1.0e-04)
949.999 .... 2050 packets received, 4422 bps, 55.28%, Err 690 (1.0e-04)
952.130 .... 2056 packets received, 4425 bps, 55.31%, Err 691 (1.0e-04)
954.259 .... 2059 packets received, 4422 bps, 55.27%, Err 694 (1.0e-04)
956.904 .... 2062 packets received, 4416 bps, 55.20%, Err 697 (1.0e-04)
970.803 .... 2070 packets received, 4370 bps, 54.62%, Err 708 (1.0e-04)
972.899 .... 2088 packets received, 4398 bps, 54.98%, Err 710 (1.0e-04)
975.014 .... 2094 packets received, 4401 bps, 55.01%, Err 710 (1.0e-04)
977.129 .... 2101 packets received, 4406 bps, 55.08%, Err 712 (1.0e-04)
979.252 .... 2109 packets received, 4413 bps, 55.17%, Err 712 (1.0e-04)
982.171 .... 2113 packets received, 4409 bps, 55.11%, Err 716 (1.0e-04)
985.086 .... 2121 packets received, 4412 bps, 55.15%, Err 717 (1.0e-04)
987.184 .... 2135 packets received, 4432 bps, 55.40%, Err 717 (1.0e-04)
989.314 .... 2143 packets received, 4439 bps, 55.49%, Err 717 (1.0e-04)
991.955 .... 2149 packets received, 4440 bps, 55.49%, Err 718 (1.0e-04)
994.080 .... 2156 packets received, 4444 bps, 55.56%, Err 719 (1.0e-04)
996.189 .... 2167 packets received, 4458 bps, 55.72%, Err 719 (1.0e-04)
998.560 .... 2171 packets received, 4455 bps, 55.69%, Err 723 (1.0e-04)
1012.323 .... 2174 packets received, 4401 bps, 55.01%, Err 732 (1.0e-04)
1015.063 .... 2191 packets received, 4423 bps, 55.29%, Err 734 (1.0e-04)
1017.701 .... 2198 packets received, 4426 bps, 55.32%, Err 735 (1.0e-04)
1025.015 .... 2205 packets received, 4408 bps, 55.10%, Err 741 (1.0e-04)
1027.679 .... 2218 packets received, 4423 bps, 55.28%, Err 746 (1.0e-04)
1034.840 .... 2221 packets received, 4398 bps, 54.98%, Err 750 (1.0e-04)
1038.523 .... 2237 packets received, 4414 bps, 55.17%, Err 751 (1.0e-04)
1041.191 .... 2242 packets received, 4413 bps, 55.16%, Err 752 (1.0e-04)
1043.559 .... 2251 packets received, 4420 bps, 55.25%, Err 753 (1.0e-04)
1045.668 .... 2262 packets received, 4433 bps, 55.41%, Err 754 (1.0e-04)
1048.587 .... 2264 packets received, 4424 bps, 55.30%, Err 759 (1.0e-04)
1061.143 .... 2267 packets received, 4378 bps, 54.72%, Err 767 (1.0e-04)
1063.184 .... 2285 packets received, 4404 bps, 55.05%, Err 767 (1.0e-04)
1065.578 .... 2288 packets received, 4400 bps, 55.00%, Err 768 (1.0e-04)
1068.759 .... 2296 packets received, 4402 bps, 55.03%, Err 771 (1.0e-04)
1071.394 .... 2304 packets received, 4407 bps, 55.08%, Err 772 (1.0e-04)
1079.324 .... 2313 packets received, 4391 bps, 54.89%, Err 779 (1.0e-04)
1082.506 .... 2329 packets received, 4409 bps, 55.11%, Err 781 (1.0e-04)
1085.400 .... 2335 packets received, 4408 bps, 55.10%, Err 784 (1.0e-04)
1088.170 .... 2339 packets received, 4405 bps, 55.06%, Err 786 (1.0e-04)
1091.801 .... 2347 packets received, 4405 bps, 55.06%, Err 789 (1.0e-04)
1106.288 .... 2354 packets received, 4360 bps, 54.50%, Err 799 (1.0e-04)
1109.427 .... 2372 packets received, 4381 bps, 54.76%, Err 802 (1.0e-04)
1111.535 .... 2381 packets received, 4389 bps, 54.87%, Err 802 (1.0e-04)
1114.163 .... 2386 packets received, 4388 bps, 54.85%, Err 806 (1.0e-04)
1116.824 .... 2391 packets received, 4387 bps, 54.84%, Err 807 (1.0e-04)
1119.459 .... 2400 packets received, 4393 bps, 54.91%, Err 809 (1.0e-04)
1122.633 .... 2413 packets received, 4404 bps, 55.05%, Err 811 (1.0e-04)
1130.222 .... 2419 packets received, 4386 bps, 54.82%, Err 817 (1.0e-04)
1133.128 .... 2435 packets received, 4403 bps, 55.04%, Err 819 (1.0e-04)
1135.232 .... 2438 packets received, 4401 bps, 55.01%, Err 820 (1.0e-04)
1137.623 .... 2445 packets received, 4404 bps, 55.05%, Err 823 (1.0e-04)
1138.433 ** WARNING: System too busy, sleep 15 ms, but be awakened 80 ms later
1140.295 .... 2448 packets received, 4399 bps, 54.99%, Err 823 (1.0e-04)
1140.611 ** WARNING: System too busy, sleep 15 ms, but be awakened 72 ms later
1142.408 .... 2466 packets received, 4423 bps, 55.29%, Err 823 (1.0e-04)
1145.328 .... 2473 packets received, 4424 bps, 55.30%, Err 827 (1.0e-04)
1147.965 .... 2479 packets received, 4425 bps, 55.31%, Err 829 (1.0e-04)
1150.074 .... 2491 packets received, 4438 bps, 55.48%, Err 830 (1.0e-04)
1152.193 .... 2498 packets received, 4442 bps, 55.53%, Err 831 (1.0e-04)
1155.610 .... 2506 packets received, 4444 bps, 55.54%, Err 832 (9.9e-05)
1168.505 .... 2512 packets received, 4405 bps, 55.06%, Err 841 (1.0e-04)
1170.594 .... 2530 packets received, 4429 bps, 55.36%, Err 844 (1.0e-04)
1172.731 .... 2536 packets received, 4431 bps, 55.39%, Err 844 (9.9e-05)
1175.111 .... 2541 packets received, 4431 bps, 55.38%, Err 846 (9.9e-05)
1177.753 .... 2547 packets received, 4431 bps, 55.39%, Err 849 (1.0e-04)
1186.121 .... 2551 packets received, 4407 bps, 55.09%, Err 856 (1.0e-04)
1188.784 .... 2566 packets received, 4423 bps, 55.29%, Err 860 (1.0e-04)
1202.521 .... 2571 packets received, 4381 bps, 54.76%, Err 868 (1.0e-04)
1205.227 .... 2588 packets received, 4400 bps, 55.00%, Err 871 (1.0e-04)
1208.384 .... 2599 packets received, 4407 bps, 55.09%, Err 874 (1.0e-04)
1211.050 .... 2604 packets received, 4406 bps, 55.07%, Err 877 (1.0e-04)
1213.692 .... 2615 packets received, 4415 bps, 55.18%, Err 881 (1.0e-04)
1220.735 .... 2618 packets received, 4394 bps, 54.93%, Err 891 (1.0e-04)
1223.367 .... 2631 packets received, 4407 bps, 55.08%, Err 892 (1.0e-04)
1225.768 .... 2636 packets received, 4406 bps, 55.08%, Err 896 (1.0e-04)
1234.526 .... 2645 packets received, 4390 bps, 54.88%, Err 900 (1.0e-04)
1237.185 .... 2662 packets received, 4409 bps, 55.11%, Err 901 (1.0e-04)
1239.289 .... 2673 packets received, 4419 bps, 55.24%, Err 902 (1.0e-04)
1247.857 .... 2678 packets received, 4397 bps, 54.97%, Err 907 (1.0e-04)
1250.514 .... 2694 packets received, 4414 bps, 55.18%, Err 908 (1.0e-04)
1253.682 .... 2702 packets received, 4416 bps, 55.20%, Err 910 (1.0e-04)
1255.814 .... 2712 packets received, 4425 bps, 55.31%, Err 910 (1.0e-04)
1258.200 .... 2717 packets received, 4425 bps, 55.31%, Err 912 (1.0e-04)
1261.123 .... 2725 packets received, 4427 bps, 55.34%, Err 914 (1.0e-04)
1263.249 .... 2737 packets received, 4439 bps, 55.49%, Err 914 (1.0e-04)
1266.397 .... 2745 packets received, 4441 bps, 55.52%, Err 916 (1.0e-04)
1279.270 .... 2748 packets received, 4401 bps, 55.02%, Err 924 (1.0e-04)
1282.167 .... 2765 packets received, 4419 bps, 55.23%, Err 928 (1.0e-04)
1283.626 ** WARNING: System too busy, sleep 15 ms, but be awakened 139 ms later
1290.836 .... 2772 packets received, 4400 bps, 55.00%, Err 935 (1.0e-04)
1292.984 .... 2788 packets received, 4418 bps, 55.23%, Err 935 (1.0e-04)
1295.104 .... 2793 packets received, 4419 bps, 55.23%, Err 935 (1.0e-04)
1308.123 .... 2795 packets received, 4378 bps, 54.72%, Err 944 (1.0e-04)
1310.366 .... 2813 packets received, 4399 bps, 54.98%, Err 944 (1.0e-04)
1312.482 .... 2817 packets received, 4398 bps, 54.97%, Err 948 (1.0e-04)
1319.441 .... 2820 packets received, 4379 bps, 54.74%, Err 954 (1.0e-04)
1327.808 .... 2833 packets received, 4372 bps, 54.64%, Err 961 (1.0e-04)
1331.143 .... 2849 packets received, 4385 bps, 54.82%, Err 962 (1.0e-04)
1333.244 .... 2856 packets received, 4389 bps, 54.86%, Err 963 (1.0e-04)
1335.361 .... 2863 packets received, 4393 bps, 54.91%, Err 964 (1.0e-04)
1338.545 .... 2869 packets received, 4392 bps, 54.89%, Err 966 (1.0e-04)
1341.203 .... 2879 packets received, 4398 bps, 54.98%, Err 969 (1.0e-04)
1348.093 .... 2882 packets received, 4380 bps, 54.75%, Err 976 (1.0e-04)
1351.035 .... 2897 packets received, 4393 bps, 54.92%, Err 976 (1.0e-04)
1353.404 .... 2902 packets received, 4393 bps, 54.92%, Err 978 (1.0e-04)
1356.313 .... 2907 packets received, 4391 bps, 54.89%, Err 981 (1.0e-04)
1359.478 .... 2920 packets received, 4401 bps, 55.01%, Err 982 (1.0e-04)
1362.396 .... 2930 packets received, 4406 bps, 55.08%, Err 985 (1.0e-04)
1364.523 .... 2940 packets received, 4415 bps, 55.18%, Err 986 (1.0e-04)
1373.304 .... 2948 packets received, 4398 bps, 54.98%, Err 991 (1.0e-04)
1375.943 .... 2960 packets received, 4408 bps, 55.10%, Err 992 (1.0e-04)
1378.858 .... 2966 packets received, 4407 bps, 55.09%, Err 994 (1.0e-04)
1380.999 .... 2976 packets received, 4415 bps, 55.19%, Err 994 (1.0e-04)
1383.099 .... 2983 packets received, 4419 bps, 55.24%, Err 996 (1.0e-04)
1391.707 .... 2989 packets received, 4400 bps, 55.01%, Err 1007 (1.0e-04)
1394.619 .... 3002 packets received, 4410 bps, 55.13%, Err 1008 (1.0e-04)
1399.784 ** WARNING: System too busy, sleep 15 ms, but be awakened 99 ms later
1402.010 .... 3007 packets received, 4394 bps, 54.93%, Err 1014 (1.0e-04)
1404.515 ** WARNING: System too busy, sleep 15 ms, but be awakened 112 ms later
1404.927 .... 3018 packets received, 4401 bps, 55.02%, Err 1017 (1.0e-04)
1407.023 .... 3028 packets received, 4409 bps, 55.12%, Err 1017 (1.0e-04)
1409.150 .... 3034 packets received, 4411 bps, 55.14%, Err 1019 (1.0e-04)
1411.765 ** WARNING: System too busy, sleep 15 ms, but be awakened 403 ms later
1412.634 .... 3039 packets received, 4408 bps, 55.10%, Err 1020 (1.0e-04)
1415.715 .... 3051 packets received, 4416 bps, 55.19%, Err 1023 (1.0e-04)
1418.667 ** WARNING: System too busy, sleep 15 ms, but be awakened 135 ms later
1421.745 ** WARNING: System too busy, sleep 15 ms, but be awakened 238 ms later
1428.240 ** WARNING: System too busy, sleep 15 ms, but be awakened 134 ms later
1430.154 .... 3057 packets received, 4380 bps, 54.74%, Err 1033 (1.0e-04)
1431.679 TCP Disconnected.
